0 info it worked if it ends with ok
1 verbose cli [ '/usr/local/Cellar/node/6.2.1/bin/node',
1 verbose cli   '/usr/local/bin/npm',
1 verbose cli   'run',
1 verbose cli   'db:reset' ]
2 info using npm@3.9.3
3 info using node@v6.2.1
4 verbose run-script [ 'predb:reset', 'db:reset', 'postdb:reset' ]
5 info lifecycle MediaRanker@0.0.0~predb:reset: MediaRanker@0.0.0
6 silly lifecycle MediaRanker@0.0.0~predb:reset: no script for predb:reset, continuing
7 info lifecycle MediaRanker@0.0.0~db:reset: MediaRanker@0.0.0
8 verbose lifecycle MediaRanker@0.0.0~db:reset: unsafe-perm in lifecycle true
9 verbose lifecycle MediaRanker@0.0.0~db:reset: PATH: /usr/local/lib/node_modules/npm/bin/node-gyp-bin:/Users/dri19tcc/c5/projects/MediaRanker/node_modules/.bin:/usr/local/Cellar/node/6.2.1/bin:/Users/dri19tcc/.rvm/gems/ruby-2.3.0/bin:/Users/dri19tcc/.rvm/gems/ruby-2.3.0@global/bin:/Users/dri19tcc/.rvm/rubies/ruby-2.3.0/bin:/Users/dri19tcc/.rbenv/shims:/Users/dri19tcc/.rbenv/shims:/Users/dri19tcc/.rbenv/shims:/usr/local/bin:/usr/bin:/bin:/usr/sbin:/sbin:/Users/dri19tcc/.rvm/bin
10 verbose lifecycle MediaRanker@0.0.0~db:reset: CWD: /Users/dri19tcc/c5/projects/MediaRanker
11 silly lifecycle MediaRanker@0.0.0~db:reset: Args: [ '-c',
11 silly lifecycle   'npm run db:drop; npm run db:create; npm run db:schema' ]
12 silly lifecycle MediaRanker@0.0.0~db:reset: Returned: code: 1  signal: null
13 info lifecycle MediaRanker@0.0.0~db:reset: Failed to exec db:reset script
14 verbose stack Error: MediaRanker@0.0.0 db:reset: `npm run db:drop; npm run db:create; npm run db:schema`
14 verbose stack Exit status 1
14 verbose stack     at EventEmitter.<anonymous> (/usr/local/lib/node_modules/npm/lib/utils/lifecycle.js:245:16)
14 verbose stack     at emitTwo (events.js:106:13)
14 verbose stack     at EventEmitter.emit (events.js:191:7)
14 verbose stack     at ChildProcess.<anonymous> (/usr/local/lib/node_modules/npm/lib/utils/spawn.js:24:14)
14 verbose stack     at emitTwo (events.js:106:13)
14 verbose stack     at ChildProcess.emit (events.js:191:7)
14 verbose stack     at maybeClose (internal/child_process.js:852:16)
14 verbose stack     at Process.ChildProcess._handle.onexit (internal/child_process.js:215:5)
15 verbose pkgid MediaRanker@0.0.0
16 verbose cwd /Users/dri19tcc/c5/projects/MediaRanker
17 error Darwin 15.4.0
18 error argv "/usr/local/Cellar/node/6.2.1/bin/node" "/usr/local/bin/npm" "run" "db:reset"
19 error node v6.2.1
20 error npm  v3.9.3
21 error code ELIFECYCLE
22 error MediaRanker@0.0.0 db:reset: `npm run db:drop; npm run db:create; npm run db:schema`
22 error Exit status 1
23 error Failed at the MediaRanker@0.0.0 db:reset script 'npm run db:drop; npm run db:create; npm run db:schema'.
23 error Make sure you have the latest version of node.js and npm installed.
23 error If you do, this is most likely a problem with the MediaRanker package,
23 error not with npm itself.
23 error Tell the author that this fails on your system:
23 error     npm run db:drop; npm run db:create; npm run db:schema
23 error You can get information on how to open an issue for this project with:
23 error     npm bugs MediaRanker
23 error Or if that isn't available, you can get their info via:
23 error     npm owner ls MediaRanker
23 error There is likely additional logging output above.
24 verbose exit [ 1, true ]
